<?xml version="1.0" encoding="UTF-8"?>
<!-- Generated by org.testng.reporters.JUnitReportReporter -->
<testsuite skipped="0" hostname="Santo" name="TestRunner.CucumberRunner$CucumberRunnerTests" tests="1" failures="0" timestamp="2023-06-12T17:20:43 BDT" time="1.601" errors="0">
  <testcase name="runScenario" time="1.601" classname="TestRunner.CucumberRunner$CucumberRunnerTests"/>
  <system-out/>
</testsuite> <!-- TestRunner.CucumberRunner$CucumberRunnerTests -->
